0 info it worked if it ends with ok
1 verbose cli [ '/usr/local/bin/node',
1 verbose cli   '/usr/local/bin/npm',
1 verbose cli   'run',
1 verbose cli   'nodeStart' ]
2 info using npm@3.10.10
3 info using node@v6.10.2
4 verbose run-script [ 'prenodeStart', 'nodeStart', 'postnodeStart' ]
5 info lifecycle react-starter@1.0.0~prenodeStart: react-starter@1.0.0
6 silly lifecycle react-starter@1.0.0~prenodeStart: no script for prenodeStart, continuing
7 info lifecycle react-starter@1.0.0~nodeStart: react-starter@1.0.0
8 verbose lifecycle react-starter@1.0.0~nodeStart: unsafe-perm in lifecycle true
9 verbose lifecycle react-starter@1.0.0~nodeStart: PATH: /usr/local/lib/node_modules/npm/bin/node-gyp-bin:/Applications/MAMP/htdocs/reactStarter/node_modules/.bin:/usr/local/bin:/usr/bin:/bin:/usr/sbin:/sbin
10 verbose lifecycle react-starter@1.0.0~nodeStart: CWD: /Applications/MAMP/htdocs/reactStarter
11 silly lifecycle react-starter@1.0.0~nodeStart: Args: [ '-c', 'node server.js' ]
12 silly lifecycle react-starter@1.0.0~nodeStart: Returned: code: 1  signal: null
13 info lifecycle react-starter@1.0.0~nodeStart: Failed to exec nodeStart script
14 verbose stack Error: react-starter@1.0.0 nodeStart: `node server.js`
14 verbose stack Exit status 1
14 verbose stack     at EventEmitter.<anonymous> (/usr/local/lib/node_modules/npm/lib/utils/lifecycle.js:255:16)
14 verbose stack     at emitTwo (events.js:106:13)
14 verbose stack     at EventEmitter.emit (events.js:191:7)
14 verbose stack     at ChildProcess.<anonymous> (/usr/local/lib/node_modules/npm/lib/utils/spawn.js:40:14)
14 verbose stack     at emitTwo (events.js:106:13)
14 verbose stack     at ChildProcess.emit (events.js:191:7)
14 verbose stack     at maybeClose (internal/child_process.js:886:16)
14 verbose stack     at Process.ChildProcess._handle.onexit (internal/child_process.js:226:5)
15 verbose pkgid react-starter@1.0.0
16 verbose cwd /Applications/MAMP/htdocs/reactStarter
17 error Darwin 16.5.0
18 error argv "/usr/local/bin/node" "/usr/local/bin/npm" "run" "nodeStart"
19 error node v6.10.2
20 error npm  v3.10.10
21 error code ELIFECYCLE
22 error react-starter@1.0.0 nodeStart: `node server.js`
22 error Exit status 1
23 error Failed at the react-starter@1.0.0 nodeStart script 'node server.js'.
23 error Make sure you have the latest version of node.js and npm installed.
23 error If you do, this is most likely a problem with the react-starter package,
23 error not with npm itself.
23 error Tell the author that this fails on your system:
23 error     node server.js
23 error You can get information on how to open an issue for this project with:
23 error     npm bugs react-starter
23 error Or if that isn't available, you can get their info via:
23 error     npm owner ls react-starter
23 error There is likely additional logging output above.
24 verbose exit [ 1, true ]
